0 info it worked if it ends with ok
1 verbose cli [ 'C:\\Program Files\\nodejs\\node.exe',
1 verbose cli   'C:\\Users\\shoosh\\AppData\\Roaming\\npm\\node_modules\\npm\\bin\\npm-cli.js',
1 verbose cli   'run',
1 verbose cli   'serve' ]
2 info using npm@4.1.1
3 info using node@v10.1.0
4 verbose run-script [ 'preserve', 'serve', 'postserve' ]
5 info lifecycle expensify@1.0.0~preserve: expensify@1.0.0
6 silly lifecycle expensify@1.0.0~preserve: no script for preserve, continuing
7 info lifecycle expensify@1.0.0~serve: expensify@1.0.0
8 verbose lifecycle expensify@1.0.0~serve: unsafe-perm in lifecycle true
9 verbose lifecycle expensify@1.0.0~serve: PATH: C:\Users\shoosh\AppData\Roaming\npm\node_modules\npm\bin\node-gyp-bin;c:\My Web Sites\react-course-projects\expensify-app\node_modules\.bin;C:\cmder\bin;C:\cmder\vendor\conemu-maximus5\ConEmu\Scripts;C:\cmder\vendor\conemu-maximus5;C:\cmder\vendor\conemu-maximus5\ConEmu;C:\ProgramData\Oracle\Java\javapath;C:\Program Files (x86)\Intel\iCLS Client\;C:\Program Files\Intel\iCLS Client\;C:\Windows\system32;C:\Windows;C:\Windows\System32\Wbem;C:\Windows\System32\WindowsPowerShell\v1.0\;C:\Program Files\Intel\Intel(R) Management Engine Components\DAL;C:\Program Files\Intel\Intel(R) Management Engine Components\IPT;C:\Program Files (x86)\Intel\Intel(R) Management Engine Components\DAL;C:\Program Files (x86)\Intel\Intel(R) Management Engine Components\IPT;C:\Program Files\OpenVPN\bin;C:\Program Files (x86)\QuickTime\QTSystem\;C:\Program Files (x86)\NVIDIA Corporation\PhysX\Common;C:\Console2;C:\Program Files (x86)\Intel\Platform Flash Tool Lite;C:\Program Files (x86)\Skype\Phone\;C:\Program Files\Oracle\VirtualBox;C:\Program Files\nodejs\;C:\Program Files\Microsoft VS Code\bin;C:\Program Files\Git\cmd;C:\Program Files\Git\bin;C:\Program Files\Sublime Text 3\linters;C:\php;C:\Users\shoosh\AppData\Roaming\npm;C:\Program Files\Git\usr\bin;C:\Program Files\Git\usr\share\vim\vim74;C:\cmder\
10 verbose lifecycle expensify@1.0.0~serve: CWD: c:\My Web Sites\react-course-projects\expensify-app
11 silly lifecycle expensify@1.0.0~serve: Args: [ '/d /s /c', 'live-server public' ]
12 verbose stack Error: kill ENOSYS
12 verbose stack     at process.kill (internal/process.js:190:13)
12 verbose stack     at process.listener (C:\Users\shoosh\AppData\Roaming\npm\node_modules\npm\node_modules\npmlog\node_modules\gauge\node_modules\signal-exit\index.js:95:15)
12 verbose stack     at process.emit (events.js:182:13)
13 verbose cwd c:\My Web Sites\react-course-projects\expensify-app
14 error Windows_NT 6.3.9600
15 error argv "C:\\Program Files\\nodejs\\node.exe" "C:\\Users\\shoosh\\AppData\\Roaming\\npm\\node_modules\\npm\\bin\\npm-cli.js" "run" "serve"
16 error node v10.1.0
17 error npm  v4.1.1
18 error code ENOSYS
19 error errno ENOSYS
20 error syscall kill
21 error kill ENOSYS
22 error If you need help, you may report this error at:
22 error     <https://github.com/npm/npm/issues>
23 verbose exit [ 1, true ]
